C51 COMPILER V9.60.7.0   DELAY                                                             08/31/2024 01:00:17 PAGE 1   


C51 COMPILER V9.60.7.0, COMPILATION OF MODULE DELAY
OBJECT MODULE PLACED IN .\Objects\delay.obj
COMPILER INVOKED BY: E:\studytools\keil5\C51\BIN\C51.EXE delay.c OPTIMIZE(8,SPEED) BROWSE DEBUG OBJECTEXTEND PRINT(.\Lis
                    -tings\delay.lst) TABS(2) OBJECT(.\Objects\delay.obj)

line level    source

   1          #include <reg52.h>
   2          
   3          void DelayMs(unsigned int ms)
   4          {
   5   1        unsigned int i;
   6   1        for(i = 0; i < ms; i++)
   7   1        {
   8   2          //set the timer mode 1 (16-bits timer)
   9   2          //eliminate low 4 bits and set the mode to mode 1
  10   2          TMOD &= 0xF0;
  11   2          //timer 0 mode 1
  12   2          TMOD |= 0x01;
  13   2          
  14   2          //set the initial value
  15   2          TH0 = 0xFC;
  16   2          TL0 = 0x17;
  17   2          
  18   2          //start the timer
  19   2          TR0 = 1;
  20   2          
  21   2          //waiting for overflow
  22   2          while(TF0 == 0);
  23   2          
  24   2          //shut down the timer
  25   2          TR0 = 0;
  26   2          //clear the flag
  27   2          TF0 = 0;
  28   2        }
  29   1      }


MODULE INFORMATION:   STATIC OVERLAYABLE
   CODE SIZE        =     39    ----
   CONSTANT SIZE    =   ----    ----
   XDATA SIZE       =   ----    ----
   PDATA SIZE       =   ----    ----
   DATA SIZE        =   ----    ----
   IDATA SIZE       =   ----    ----
   BIT SIZE         =   ----    ----
END OF MODULE INFORMATION.


C51 COMPILATION COMPLETE.  0 WARNING(S),  0 ERROR(S)
