C51 COMPILER V9.60.7.0   MAIN                                                              09/03/2024 22:17:08 PAGE 1   


C51 COMPILER V9.60.7.0, COMPILATION OF MODULE MAIN
OBJECT MODULE PLACED IN .\Objects\main.obj
COMPILER INVOKED BY: E:\studytools\keil5\C51\BIN\C51.EXE main.c OPTIMIZE(8,SPEED) BROWSE DEBUG OBJECTEXTEND PRINT(.\List
                    -ings\main.lst) TABS(2) OBJECT(.\Objects\main.obj)

line level    source

   1          #include <REG52.H>
   2          #include "delay.h"
   3          #include "LCD1602.h"
   4          #include "MLX90614.h"
   5          #include "main.h"
*** WARNING C318 IN LINE 2 OF main.h: can't open file 'intrin.h'
   6          
   7          int Temp;
   8          
   9          void Display_Main(void)
  10          {
  11   1          LCD_Clear();
  12   1          LCD_Display_String(0, 0, "Temp:    .   C");
  13   1          LCD_Display_Char(12, 0, 0xDF);
  14   1      }
  15          
  16          void Get_Temperature(void)
  17          {
  18   1          LCD_Display_Char(5, 0, ' ');
  19   1          LCD_Display_Char(6, 0, Temp / 10000 % 10 + 0x30);
  20   1          LCD_Display_Char(7, 0, Temp / 1000 % 10 + 0x30);
  21   1          LCD_Display_Char(8, 0, Temp / 100 % 10 + 0x30);
  22   1          LCD_Display_Char(10, 0, Temp / 10 % 10 + 0x30);
  23   1          LCD_Display_Char(11, 0, Temp % 10 + 0x30);
  24   1      }
  25          
  26          void main(void)
  27          {
  28   1          DelayMs(100);
  29   1          LCD_Init();
  30   1          Display_Main();
  31   1          while (1) {
  32   2              Temp = Convert_T();
  33   2              Get_Temperature();
  34   2              DelayMs(500);
  35   2          }
  36   1      }


MODULE INFORMATION:   STATIC OVERLAYABLE
   CODE SIZE        =    203    ----
   CONSTANT SIZE    =     15    ----
   XDATA SIZE       =   ----    ----
   PDATA SIZE       =   ----    ----
   DATA SIZE        =      2    ----
   IDATA SIZE       =   ----    ----
   BIT SIZE         =   ----    ----
END OF MODULE INFORMATION.


C51 COMPILATION COMPLETE.  1 WARNING(S),  0 ERROR(S)
